2020-02-28 14:49:00.671  INFO 1824 --- [main] c.a.i.library.LibraryApplication         : Starting LibraryApplication on LAPTOPCBC099 with PID 1824 (C:\Library\target\classes started by luca.gavril in C:\Library)
2020-02-28 14:49:00.741  INFO 1824 --- [main] c.a.i.library.LibraryApplication         : No active profile set, falling back to default profiles: default
2020-02-28 14:49:05.146  INFO 1824 --- [main] .s.d.r.c.RepositoryConfigurationDelegate : Bootstrapping Spring Data JPA repositories in DEFAULT mode.
2020-02-28 14:49:05.247  INFO 1824 --- [main] .s.d.r.c.RepositoryConfigurationDelegate : Finished Spring Data repository scanning in 70ms. Found 0 JPA repository interfaces.
2020-02-28 14:49:06.297  INFO 1824 --- [main] trationDelegate$BeanPostProcessorChecker : Bean 'org.springframework.transaction.annotation.ProxyTransactionManagementConfiguration' of type [org.springframework.transaction.annotation.ProxyTransactionManagementConfiguration] is not eligible for getting processed by all BeanPostProcessors (for example: not eligible for auto-proxying)
2020-02-28 14:49:08.164  INFO 1824 --- [main] o.s.b.w.embedded.tomcat.TomcatWebServer  : Tomcat initialized with port(s): 8080 (http)
2020-02-28 14:49:08.192  INFO 1824 --- [main] o.apache.catalina.core.StandardService   : Starting service [Tomcat]
2020-02-28 14:49:08.192  INFO 1824 --- [main] org.apache.catalina.core.StandardEngine  : Starting Servlet engine: [Apache Tomcat/9.0.30]
2020-02-28 14:49:08.588  INFO 1824 --- [main] o.a.c.c.C.[.[localhost].[/MyLibrary]     : Initializing Spring embedded WebApplicationContext
2020-02-28 14:49:08.596  INFO 1824 --- [main] o.s.web.context.ContextLoader            : Root WebApplicationContext: initialization completed in 7409 ms
2020-02-28 14:49:09.333  INFO 1824 --- [main] org.hibernate.Version                    : HHH000412: Hibernate Core {5.4.10.Final}
2020-02-28 14:49:09.810  INFO 1824 --- [main] o.hibernate.annotations.common.Version   : HCANN000001: Hibernate Commons Annotations {5.1.0.Final}
2020-02-28 14:49:11.102  INFO 1824 --- [main] org.hibernate.dialect.Dialect            : HHH000400: Using dialect: org.hibernate.dialect.MySQL5Dialect
2020-02-28 14:49:14.332  INFO 1824 --- [main] o.h.e.t.j.p.i.JtaPlatformInitiator       : HHH000490: Using JtaPlatform implementation: [org.hibernate.engine.transaction.jta.platform.internal.NoJtaPlatform]
2020-02-28 14:49:15.765  INFO 1824 --- [main] pertySourcedRequestMappingHandlerMapping : Mapped URL path [/v2/api-docs] onto method [springfox.documentation.swagger2.web.Swagger2Controller#getDocumentation(String, HttpServletRequest)]
2020-02-28 14:49:16.100  INFO 1824 --- [main] o.s.s.concurrent.ThreadPoolTaskExecutor  : Initializing ExecutorService 'applicationTaskExecutor'
2020-02-28 14:49:16.504  INFO 1824 --- [main] d.s.w.p.DocumentationPluginsBootstrapper : Context refreshed
2020-02-28 14:49:16.555  INFO 1824 --- [main] d.s.w.p.DocumentationPluginsBootstrapper : Found 1 custom documentation plugin(s)
2020-02-28 14:49:16.646  INFO 1824 --- [main] s.d.s.w.s.ApiListingReferenceScanner     : Scanning for api listing references
2020-02-28 14:49:17.282  INFO 1824 --- [main] o.s.b.w.embedded.tomcat.TomcatWebServer  : Tomcat started on port(s): 8080 (http) with context path '/MyLibrary'
2020-02-28 14:49:17.292  INFO 1824 --- [main] c.a.i.library.LibraryApplication         : Started LibraryApplication in 18.633 seconds (JVM running for 20.723)
2020-02-28 14:49:26.583  INFO 1824 --- [http-nio-8080-exec-1] o.a.c.c.C.[.[localhost].[/MyLibrary]     : Initializing Spring DispatcherServlet 'dispatcherServlet'
2020-02-28 14:49:26.597  INFO 1824 --- [http-nio-8080-exec-1] o.s.web.servlet.DispatcherServlet        : Initializing Servlet 'dispatcherServlet'
2020-02-28 14:49:26.637  INFO 1824 --- [http-nio-8080-exec-1] o.s.web.servlet.DispatcherServlet        : Completed initialization in 39 ms
2020-02-28 14:54:21.123  WARN 1824 --- [http-nio-8080-exec-1] c.a.i.l.d.i.h.HibernateEmployeeDao       : Rollback
2020-02-28 14:55:23.918  INFO 19192 --- [main] c.a.i.library.LibraryApplication         : Starting LibraryApplication on LAPTOPCBC099 with PID 19192 (C:\Library\target\classes started by luca.gavril in C:\Library)
2020-02-28 14:55:23.920  INFO 19192 --- [main] c.a.i.library.LibraryApplication         : No active profile set, falling back to default profiles: default
2020-02-28 14:55:30.039  INFO 19192 --- [main] .s.d.r.c.RepositoryConfigurationDelegate : Bootstrapping Spring Data JPA repositories in DEFAULT mode.
2020-02-28 14:55:30.130  INFO 19192 --- [main] .s.d.r.c.RepositoryConfigurationDelegate : Finished Spring Data repository scanning in 69ms. Found 0 JPA repository interfaces.
2020-02-28 14:55:31.060  INFO 19192 --- [main] trationDelegate$BeanPostProcessorChecker : Bean 'org.springframework.transaction.annotation.ProxyTransactionManagementConfiguration' of type [org.springframework.transaction.annotation.ProxyTransactionManagementConfiguration] is not eligible for getting processed by all BeanPostProcessors (for example: not eligible for auto-proxying)
2020-02-28 14:55:32.315  INFO 19192 --- [main] o.s.b.w.embedded.tomcat.TomcatWebServer  : Tomcat initialized with port(s): 8080 (http)
2020-02-28 14:55:32.331  INFO 19192 --- [main] o.apache.catalina.core.StandardService   : Starting service [Tomcat]
2020-02-28 14:55:32.331  INFO 19192 --- [main] org.apache.catalina.core.StandardEngine  : Starting Servlet engine: [Apache Tomcat/9.0.30]
2020-02-28 14:55:32.622  INFO 19192 --- [main] o.a.c.c.C.[.[localhost].[/MyLibrary]     : Initializing Spring embedded WebApplicationContext
2020-02-28 14:55:32.622  INFO 19192 --- [main] o.s.web.context.ContextLoader            : Root WebApplicationContext: initialization completed in 8502 ms
2020-02-28 14:55:33.158  INFO 19192 --- [main] org.hibernate.Version                    : HHH000412: Hibernate Core {5.4.10.Final}
2020-02-28 14:55:33.511  INFO 19192 --- [main] o.hibernate.annotations.common.Version   : HCANN000001: Hibernate Commons Annotations {5.1.0.Final}
2020-02-28 14:55:34.785  INFO 19192 --- [main] org.hibernate.dialect.Dialect            : HHH000400: Using dialect: org.hibernate.dialect.MySQL5Dialect
2020-02-28 14:55:37.435  INFO 19192 --- [main] o.h.e.t.j.p.i.JtaPlatformInitiator       : HHH000490: Using JtaPlatform implementation: [org.hibernate.engine.transaction.jta.platform.internal.NoJtaPlatform]
2020-02-28 14:55:38.713  INFO 19192 --- [main] pertySourcedRequestMappingHandlerMapping : Mapped URL path [/v2/api-docs] onto method [springfox.documentation.swagger2.web.Swagger2Controller#getDocumentation(String, HttpServletRequest)]
2020-02-28 14:55:39.046  INFO 19192 --- [main] o.s.s.concurrent.ThreadPoolTaskExecutor  : Initializing ExecutorService 'applicationTaskExecutor'
2020-02-28 14:55:39.468  INFO 19192 --- [main] d.s.w.p.DocumentationPluginsBootstrapper : Context refreshed
2020-02-28 14:55:39.518  INFO 19192 --- [main] d.s.w.p.DocumentationPluginsBootstrapper : Found 1 custom documentation plugin(s)
2020-02-28 14:55:39.591  INFO 19192 --- [main] s.d.s.w.s.ApiListingReferenceScanner     : Scanning for api listing references
2020-02-28 14:55:40.429  INFO 19192 --- [main] o.s.b.w.embedded.tomcat.TomcatWebServer  : Tomcat started on port(s): 8080 (http) with context path '/MyLibrary'
2020-02-28 14:55:40.439  INFO 19192 --- [main] c.a.i.library.LibraryApplication         : Started LibraryApplication in 17.929 seconds (JVM running for 19.912)
2020-02-28 14:55:54.718  INFO 19192 --- [http-nio-8080-exec-1] o.a.c.c.C.[.[localhost].[/MyLibrary]     : Initializing Spring DispatcherServlet 'dispatcherServlet'
2020-02-28 14:55:54.719  INFO 19192 --- [http-nio-8080-exec-1] o.s.web.servlet.DispatcherServlet        : Initializing Servlet 'dispatcherServlet'
2020-02-28 14:55:54.742  INFO 19192 --- [http-nio-8080-exec-1] o.s.web.servlet.DispatcherServlet        : Completed initialization in 22 ms
2020-02-28 15:00:36.687  INFO 3604 --- [main] c.a.i.library.LibraryApplication         : Starting LibraryApplication on LAPTOPCBC099 with PID 3604 (C:\Library\target\classes started by luca.gavril in C:\Library)
2020-02-28 15:00:36.695  INFO 3604 --- [main] c.a.i.library.LibraryApplication         : No active profile set, falling back to default profiles: default
2020-02-28 15:00:40.767  INFO 3604 --- [main] .s.d.r.c.RepositoryConfigurationDelegate : Bootstrapping Spring Data JPA repositories in DEFAULT mode.
2020-02-28 15:00:40.848  INFO 3604 --- [main] .s.d.r.c.RepositoryConfigurationDelegate : Finished Spring Data repository scanning in 65ms. Found 0 JPA repository interfaces.
2020-02-28 15:00:41.767  INFO 3604 --- [main] trationDelegate$BeanPostProcessorChecker : Bean 'org.springframework.transaction.annotation.ProxyTransactionManagementConfiguration' of type [org.springframework.transaction.annotation.ProxyTransactionManagementConfiguration] is not eligible for getting processed by all BeanPostProcessors (for example: not eligible for auto-proxying)
2020-02-28 15:00:43.077  INFO 3604 --- [main] o.s.b.w.embedded.tomcat.TomcatWebServer  : Tomcat initialized with port(s): 8080 (http)
2020-02-28 15:00:43.117  INFO 3604 --- [main] o.apache.catalina.core.StandardService   : Starting service [Tomcat]
2020-02-28 15:00:43.117  INFO 3604 --- [main] org.apache.catalina.core.StandardEngine  : Starting Servlet engine: [Apache Tomcat/9.0.30]
2020-02-28 15:00:43.493  INFO 3604 --- [main] o.a.c.c.C.[.[localhost].[/MyLibrary]     : Initializing Spring embedded WebApplicationContext
2020-02-28 15:00:43.493  INFO 3604 --- [main] o.s.web.context.ContextLoader            : Root WebApplicationContext: initialization completed in 6540 ms
2020-02-28 15:00:44.127  INFO 3604 --- [main] org.hibernate.Version                    : HHH000412: Hibernate Core {5.4.10.Final}
2020-02-28 15:00:44.482  INFO 3604 --- [main] o.hibernate.annotations.common.Version   : HCANN000001: Hibernate Commons Annotations {5.1.0.Final}
2020-02-28 15:00:45.955  INFO 3604 --- [main] org.hibernate.dialect.Dialect            : HHH000400: Using dialect: org.hibernate.dialect.MySQL5Dialect
2020-02-28 15:00:48.296  INFO 3604 --- [main] o.h.e.t.j.p.i.JtaPlatformInitiator       : HHH000490: Using JtaPlatform implementation: [org.hibernate.engine.transaction.jta.platform.internal.NoJtaPlatform]
2020-02-28 15:00:49.658  INFO 3604 --- [main] pertySourcedRequestMappingHandlerMapping : Mapped URL path [/v2/api-docs] onto method [springfox.documentation.swagger2.web.Swagger2Controller#getDocumentation(String, HttpServletRequest)]
2020-02-28 15:00:49.922  INFO 3604 --- [main] o.s.s.concurrent.ThreadPoolTaskExecutor  : Initializing ExecutorService 'applicationTaskExecutor'
2020-02-28 15:00:50.287  INFO 3604 --- [main] d.s.w.p.DocumentationPluginsBootstrapper : Context refreshed
2020-02-28 15:00:50.337  INFO 3604 --- [main] d.s.w.p.DocumentationPluginsBootstrapper : Found 1 custom documentation plugin(s)
2020-02-28 15:00:50.426  INFO 3604 --- [main] s.d.s.w.s.ApiListingReferenceScanner     : Scanning for api listing references
2020-02-28 15:00:51.175  INFO 3604 --- [main] o.s.b.w.embedded.tomcat.TomcatWebServer  : Tomcat started on port(s): 8080 (http) with context path '/MyLibrary'
2020-02-28 15:00:51.196  INFO 3604 --- [main] c.a.i.library.LibraryApplication         : Started LibraryApplication in 15.867 seconds (JVM running for 17.755)
2020-02-28 15:01:04.827  INFO 3604 --- [http-nio-8080-exec-1] o.a.c.c.C.[.[localhost].[/MyLibrary]     : Initializing Spring DispatcherServlet 'dispatcherServlet'
2020-02-28 15:01:04.830  INFO 3604 --- [http-nio-8080-exec-1] o.s.web.servlet.DispatcherServlet        : Initializing Servlet 'dispatcherServlet'
2020-02-28 15:01:04.860  INFO 3604 --- [http-nio-8080-exec-1] o.s.web.servlet.DispatcherServlet        : Completed initialization in 29 ms
2020-02-28 15:06:44.565  INFO 3252 --- [main] c.a.i.library.LibraryApplication         : Starting LibraryApplication on LAPTOPCBC099 with PID 3252 (C:\Library\target\classes started by luca.gavril in C:\Library)
2020-02-28 15:06:44.567  INFO 3252 --- [main] c.a.i.library.LibraryApplication         : No active profile set, falling back to default profiles: default
2020-02-28 15:06:48.484  INFO 3252 --- [main] .s.d.r.c.RepositoryConfigurationDelegate : Bootstrapping Spring Data JPA repositories in DEFAULT mode.
2020-02-28 15:06:48.605  INFO 3252 --- [main] .s.d.r.c.RepositoryConfigurationDelegate : Finished Spring Data repository scanning in 81ms. Found 0 JPA repository interfaces.
2020-02-28 15:06:49.857  INFO 3252 --- [main] trationDelegate$BeanPostProcessorChecker : Bean 'org.springframework.transaction.annotation.ProxyTransactionManagementConfiguration' of type [org.springframework.transaction.annotation.ProxyTransactionManagementConfiguration] is not eligible for getting processed by all BeanPostProcessors (for example: not eligible for auto-proxying)
2020-02-28 15:06:51.140  INFO 3252 --- [main] o.s.b.w.embedded.tomcat.TomcatWebServer  : Tomcat initialized with port(s): 8080 (http)
2020-02-28 15:06:51.170  INFO 3252 --- [main] o.apache.catalina.core.StandardService   : Starting service [Tomcat]
2020-02-28 15:06:51.170  INFO 3252 --- [main] org.apache.catalina.core.StandardEngine  : Starting Servlet engine: [Apache Tomcat/9.0.30]
2020-02-28 15:06:51.564  INFO 3252 --- [main] o.a.c.c.C.[.[localhost].[/MyLibrary]     : Initializing Spring embedded WebApplicationContext
2020-02-28 15:06:51.564  INFO 3252 --- [main] o.s.web.context.ContextLoader            : Root WebApplicationContext: initialization completed in 6866 ms
2020-02-28 15:06:52.191  INFO 3252 --- [main] org.hibernate.Version                    : HHH000412: Hibernate Core {5.4.10.Final}
2020-02-28 15:06:52.635  INFO 3252 --- [main] o.hibernate.annotations.common.Version   : HCANN000001: Hibernate Commons Annotations {5.1.0.Final}
2020-02-28 15:06:53.886  INFO 3252 --- [main] org.hibernate.dialect.Dialect            : HHH000400: Using dialect: org.hibernate.dialect.MySQL5Dialect
2020-02-28 15:06:56.617  INFO 3252 --- [main] o.h.e.t.j.p.i.JtaPlatformInitiator       : HHH000490: Using JtaPlatform implementation: [org.hibernate.engine.transaction.jta.platform.internal.NoJtaPlatform]
2020-02-28 15:06:57.989  INFO 3252 --- [main] pertySourcedRequestMappingHandlerMapping : Mapped URL path [/v2/api-docs] onto method [springfox.documentation.swagger2.web.Swagger2Controller#getDocumentation(String, HttpServletRequest)]
2020-02-28 15:06:58.312  INFO 3252 --- [main] o.s.s.concurrent.ThreadPoolTaskExecutor  : Initializing ExecutorService 'applicationTaskExecutor'
2020-02-28 15:06:58.765  INFO 3252 --- [main] d.s.w.p.DocumentationPluginsBootstrapper : Context refreshed
2020-02-28 15:06:58.818  INFO 3252 --- [main] d.s.w.p.DocumentationPluginsBootstrapper : Found 1 custom documentation plugin(s)
2020-02-28 15:06:58.899  INFO 3252 --- [main] s.d.s.w.s.ApiListingReferenceScanner     : Scanning for api listing references
2020-02-28 15:06:59.543  INFO 3252 --- [main] o.s.b.w.embedded.tomcat.TomcatWebServer  : Tomcat started on port(s): 8080 (http) with context path '/MyLibrary'
2020-02-28 15:06:59.545  INFO 3252 --- [main] c.a.i.library.LibraryApplication         : Started LibraryApplication in 16.391 seconds (JVM running for 18.372)
2020-02-28 15:07:19.371  INFO 3252 --- [http-nio-8080-exec-1] o.a.c.c.C.[.[localhost].[/MyLibrary]     : Initializing Spring DispatcherServlet 'dispatcherServlet'
2020-02-28 15:07:19.372  INFO 3252 --- [http-nio-8080-exec-1] o.s.web.servlet.DispatcherServlet        : Initializing Servlet 'dispatcherServlet'
2020-02-28 15:07:19.405  INFO 3252 --- [http-nio-8080-exec-1] o.s.web.servlet.DispatcherServlet        : Completed initialization in 32 ms
2020-02-28 15:09:27.450 ERROR 3252 --- [http-nio-8080-exec-5] o.a.c.c.C.[.[.[.[dispatcherServlet]      : Servlet.service() for servlet [dispatcherServlet] in context with path [/MyLibrary] threw exception [Request processing failed; nested exception is org.springframework.orm.hibernate5.HibernateSystemException: Illegal attempt to associate a collection with two open sessions. Collection : [com.arobs.internship.library.entities.Employee.bookRequests#32]; nested exception is org.hibernate.HibernateException: Illegal attempt to associate a collection with two open sessions. Collection : [com.arobs.internship.library.entities.Employee.bookRequests#32]] with root cause

org.hibernate.HibernateException: Illegal attempt to associate a collection with two open sessions. Collection : [com.arobs.internship.library.entities.Employee.bookRequests#32]
	at org.hibernate.collection.internal.AbstractPersistentCollection.setCurrentSession(AbstractPersistentCollection.java:689) ~[hibernate-core-5.4.10.Final.jar:5.4.10.Final]
	at org.hibernate.event.internal.OnUpdateVisitor.processCollection(OnUpdateVisitor.java:46) ~[hibernate-core-5.4.10.Final.jar:5.4.10.Final]
	at org.hibernate.event.internal.AbstractVisitor.processValue(AbstractVisitor.java:104) ~[hibernate-core-5.4.10.Final.jar:5.4.10.Final]
	at org.hibernate.event.internal.AbstractVisitor.processValue(AbstractVisitor.java:65) ~[hibernate-core-5.4.10.Final.jar:5.4.10.Final]
	at org.hibernate.event.internal.AbstractVisitor.processEntityPropertyValues(AbstractVisitor.java:59) ~[hibernate-core-5.4.10.Final.jar:5.4.10.Final]
	at org.hibernate.event.internal.AbstractVisitor.process(AbstractVisitor.java:126) ~[hibernate-core-5.4.10.Final.jar:5.4.10.Final]
	at org.hibernate.event.internal.DefaultSaveOrUpdateEventListener.performUpdate(DefaultSaveOrUpdateEventListener.java:295) ~[hibernate-core-5.4.10.Final.jar:5.4.10.Final]
	at org.hibernate.event.internal.DefaultSaveOrUpdateEventListener.entityIsDetached(DefaultSaveOrUpdateEventListener.java:229) ~[hibernate-core-5.4.10.Final.jar:5.4.10.Final]
	at org.hibernate.event.internal.DefaultUpdateEventListener.performSaveOrUpdate(DefaultUpdateEventListener.java:38) ~[hibernate-core-5.4.10.Final.jar:5.4.10.Final]
	at org.hibernate.event.internal.DefaultSaveOrUpdateEventListener.onSaveOrUpdate(DefaultSaveOrUpdateEventListener.java:75) ~[hibernate-core-5.4.10.Final.jar:5.4.10.Final]
	at org.hibernate.event.service.internal.EventListenerGroupImpl.fireEventOnEachListener(EventListenerGroupImpl.java:108) ~[hibernate-core-5.4.10.Final.jar:5.4.10.Final]
	at org.hibernate.internal.SessionImpl.fireUpdate(SessionImpl.java:640) ~[hibernate-core-5.4.10.Final.jar:5.4.10.Final]
	at org.hibernate.internal.SessionImpl.update(SessionImpl.java:633) ~[hibernate-core-5.4.10.Final.jar:5.4.10.Final]
	at org.hibernate.internal.SessionImpl.update(SessionImpl.java:628) ~[hibernate-core-5.4.10.Final.jar:5.4.10.Final]
	at com.arobs.internship.library.dao.impl.hibernate.HibernateEmployeeDao.update(HibernateEmployeeDao.java:86) ~[classes/:na]
	at com.arobs.internship.library.dao.impl.hibernate.HibernateEmployeeDao$$FastClassBySpringCGLIB$$523550d9.invoke(<generated>) ~[classes/:na]
	at org.springframework.cglib.proxy.MethodProxy.invoke(MethodProxy.java:218) ~[spring-core-5.2.3.RELEASE.jar:5.2.3.RELEASE]
	at org.springframework.aop.framework.CglibAopProxy$CglibMethodInvocation.invokeJoinpoint(CglibAopProxy.java:769) ~[spring-aop-5.2.3.RELEASE.jar:5.2.3.RELEASE]
	at org.springframework.aop.framework.ReflectiveMethodInvocation.proceed(ReflectiveMethodInvocation.java:163) ~[spring-aop-5.2.3.RELEASE.jar:5.2.3.RELEASE]
	at org.springframework.aop.framework.CglibAopProxy$CglibMethodInvocation.proceed(CglibAopProxy.java:747) ~[spring-aop-5.2.3.RELEASE.jar:5.2.3.RELEASE]
	at org.springframework.dao.support.PersistenceExceptionTranslationInterceptor.invoke(PersistenceExceptionTranslationInterceptor.java:139) ~[spring-tx-5.2.3.RELEASE.jar:5.2.3.RELEASE]
	at org.springframework.aop.framework.ReflectiveMethodInvocation.proceed(ReflectiveMethodInvocation.java:186) ~[spring-aop-5.2.3.RELEASE.jar:5.2.3.RELEASE]
	at org.springframework.aop.framework.CglibAopProxy$CglibMethodInvocation.proceed(CglibAopProxy.java:747) ~[spring-aop-5.2.3.RELEASE.jar:5.2.3.RELEASE]
	at org.springframework.transaction.interceptor.TransactionAspectSupport.invokeWithinTransaction(TransactionAspectSupport.java:366) ~[spring-tx-5.2.3.RELEASE.jar:5.2.3.RELEASE]
	at org.springframework.transaction.interceptor.TransactionInterceptor.invoke(TransactionInterceptor.java:99) ~[spring-tx-5.2.3.RELEASE.jar:5.2.3.RELEASE]
	at org.springframework.aop.framework.ReflectiveMethodInvocation.proceed(ReflectiveMethodInvocation.java:186) ~[spring-aop-5.2.3.RELEASE.jar:5.2.3.RELEASE]
	at org.springframework.aop.framework.CglibAopProxy$CglibMethodInvocation.proceed(CglibAopProxy.java:747) ~[spring-aop-5.2.3.RELEASE.jar:5.2.3.RELEASE]
	at org.springframework.aop.framework.CglibAopProxy$DynamicAdvisedInterceptor.intercept(CglibAopProxy.java:689) ~[spring-aop-5.2.3.RELEASE.jar:5.2.3.RELEASE]
	at com.arobs.internship.library.dao.impl.hibernate.HibernateEmployeeDao$$EnhancerBySpringCGLIB$$318a2071.update(<generated>) ~[classes/:na]
	at com.arobs.internship.library.business.impl.EmployeeServiceImpl.updateEmployeePassoword(EmployeeServiceImpl.java:125) ~[classes/:na]
	at com.arobs.internship.library.controller.EmployeeController.updateEmployeePassword(EmployeeController.java:75) ~[classes/:na]
	at java.base/jdk.internal.reflect.NativeMethodAccessorImpl.invoke0(Native Method) ~[na:na]
	at java.base/jdk.internal.reflect.NativeMethodAccessorImpl.invoke(NativeMethodAccessorImpl.java:62) ~[na:na]
	at java.base/jdk.internal.reflect.DelegatingMethodAccessorImpl.invoke(DelegatingMethodAccessorImpl.java:43) ~[na:na]
	at java.base/java.lang.reflect.Method.invoke(Method.java:566) ~[na:na]
	at org.springframework.web.method.support.InvocableHandlerMethod.doInvoke(InvocableHandlerMethod.java:190) ~[spring-web-5.2.3.RELEASE.jar:5.2.3.RELEASE]
	at org.springframework.web.method.support.InvocableHandlerMethod.invokeForRequest(InvocableHandlerMethod.java:138) ~[spring-web-5.2.3.RELEASE.jar:5.2.3.RELEASE]
	at org.springframework.web.servlet.mvc.method.annotation.ServletInvocableHandlerMethod.invokeAndHandle(ServletInvocableHandlerMethod.java:106) ~[spring-webmvc-5.2.3.RELEASE.jar:5.2.3.RELEASE]
	at org.springframework.web.servlet.mvc.method.annotation.RequestMappingHandlerAdapter.invokeHandlerMethod(RequestMappingHandlerAdapter.java:888) ~[spring-webmvc-5.2.3.RELEASE.jar:5.2.3.RELEASE]
	at org.springframework.web.servlet.mvc.method.annotation.RequestMappingHandlerAdapter.handleInternal(RequestMappingHandlerAdapter.java:793) ~[spring-webmvc-5.2.3.RELEASE.jar:5.2.3.RELEASE]
	at org.springframework.web.servlet.mvc.method.AbstractHandlerMethodAdapter.handle(AbstractHandlerMethodAdapter.java:87) ~[spring-webmvc-5.2.3.RELEASE.jar:5.2.3.RELEASE]
	at org.springframework.web.servlet.DispatcherServlet.doDispatch(DispatcherServlet.java:1040) ~[spring-webmvc-5.2.3.RELEASE.jar:5.2.3.RELEASE]
	at org.springframework.web.servlet.DispatcherServlet.doService(DispatcherServlet.java:943) ~[spring-webmvc-5.2.3.RELEASE.jar:5.2.3.RELEASE]
	at org.springframework.web.servlet.FrameworkServlet.processRequest(FrameworkServlet.java:1006) ~[spring-webmvc-5.2.3.RELEASE.jar:5.2.3.RELEASE]
	at org.springframework.web.servlet.FrameworkServlet.service(FrameworkServlet.java:880) ~[spring-webmvc-5.2.3.RELEASE.jar:5.2.3.RELEASE]
	at javax.servlet.http.HttpServlet.service(HttpServlet.java:741) ~[tomcat-embed-core-9.0.30.jar:9.0.30]
	at org.apache.catalina.core.ApplicationFilterChain.internalDoFilter(ApplicationFilterChain.java:231) ~[tomcat-embed-core-9.0.30.jar:9.0.30]
	at org.apache.catalina.core.ApplicationFilterChain.doFilter(ApplicationFilterChain.java:166) ~[tomcat-embed-core-9.0.30.jar:9.0.30]
	at org.apache.tomcat.websocket.server.WsFilter.doFilter(WsFilter.java:53) ~[tomcat-embed-websocket-9.0.30.jar:9.0.30]
	at org.apache.catalina.core.ApplicationFilterChain.internalDoFilter(ApplicationFilterChain.java:193) ~[tomcat-embed-core-9.0.30.jar:9.0.30]
	at org.apache.catalina.core.ApplicationFilterChain.doFilter(ApplicationFilterChain.java:166) ~[tomcat-embed-core-9.0.30.jar:9.0.30]
	at org.springframework.web.filter.RequestContextFilter.doFilterInternal(RequestContextFilter.java:100) ~[spring-web-5.2.3.RELEASE.jar:5.2.3.RELEASE]
	at org.springframework.web.filter.OncePerRequestFilter.doFilter(OncePerRequestFilter.java:119) ~[spring-web-5.2.3.RELEASE.jar:5.2.3.RELEASE]
	at org.apache.catalina.core.ApplicationFilterChain.internalDoFilter(ApplicationFilterChain.java:193) ~[tomcat-embed-core-9.0.30.jar:9.0.30]
	at org.apache.catalina.core.ApplicationFilterChain.doFilter(ApplicationFilterChain.java:166) ~[tomcat-embed-core-9.0.30.jar:9.0.30]
	at org.springframework.web.filter.FormContentFilter.doFilterInternal(FormContentFilter.java:93) ~[spring-web-5.2.3.RELEASE.jar:5.2.3.RELEASE]
	at org.springframework.web.filter.OncePerRequestFilter.doFilter(OncePerRequestFilter.java:119) ~[spring-web-5.2.3.RELEASE.jar:5.2.3.RELEASE]
	at org.apache.catalina.core.ApplicationFilterChain.internalDoFilter(ApplicationFilterChain.java:193) ~[tomcat-embed-core-9.0.30.jar:9.0.30]
	at org.apache.catalina.core.ApplicationFilterChain.doFilter(ApplicationFilterChain.java:166) ~[tomcat-embed-core-9.0.30.jar:9.0.30]
	at org.springframework.web.filter.CharacterEncodingFilter.doFilterInternal(CharacterEncodingFilter.java:201) ~[spring-web-5.2.3.RELEASE.jar:5.2.3.RELEASE]
	at org.springframework.web.filter.OncePerRequestFilter.doFilter(OncePerRequestFilter.java:119) ~[spring-web-5.2.3.RELEASE.jar:5.2.3.RELEASE]
	at org.apache.catalina.core.ApplicationFilterChain.internalDoFilter(ApplicationFilterChain.java:193) ~[tomcat-embed-core-9.0.30.jar:9.0.30]
	at org.apache.catalina.core.ApplicationFilterChain.doFilter(ApplicationFilterChain.java:166) ~[tomcat-embed-core-9.0.30.jar:9.0.30]
	at org.apache.catalina.core.StandardWrapperValve.invoke(StandardWrapperValve.java:202) ~[tomcat-embed-core-9.0.30.jar:9.0.30]
	at org.apache.catalina.core.StandardContextValve.invoke(StandardContextValve.java:96) ~[tomcat-embed-core-9.0.30.jar:9.0.30]
	at org.apache.catalina.authenticator.AuthenticatorBase.invoke(AuthenticatorBase.java:541) ~[tomcat-embed-core-9.0.30.jar:9.0.30]
	at org.apache.catalina.core.StandardHostValve.invoke(StandardHostValve.java:139) ~[tomcat-embed-core-9.0.30.jar:9.0.30]
	at org.apache.catalina.valves.ErrorReportValve.invoke(ErrorReportValve.java:92) ~[tomcat-embed-core-9.0.30.jar:9.0.30]
	at org.apache.catalina.core.StandardEngineValve.invoke(StandardEngineValve.java:74) ~[tomcat-embed-core-9.0.30.jar:9.0.30]
	at org.apache.catalina.connector.CoyoteAdapter.service(CoyoteAdapter.java:343) ~[tomcat-embed-core-9.0.30.jar:9.0.30]
	at org.apache.coyote.http11.Http11Processor.service(Http11Processor.java:367) ~[tomcat-embed-core-9.0.30.jar:9.0.30]
	at org.apache.coyote.AbstractProcessorLight.process(AbstractProcessorLight.java:65) ~[tomcat-embed-core-9.0.30.jar:9.0.30]
	at org.apache.coyote.AbstractProtocol$ConnectionHandler.process(AbstractProtocol.java:860) ~[tomcat-embed-core-9.0.30.jar:9.0.30]
	at org.apache.tomcat.util.net.NioEndpoint$SocketProcessor.doRun(NioEndpoint.java:1598) ~[tomcat-embed-core-9.0.30.jar:9.0.30]
	at org.apache.tomcat.util.net.SocketProcessorBase.run(SocketProcessorBase.java:49) ~[tomcat-embed-core-9.0.30.jar:9.0.30]
	at java.base/java.util.concurrent.ThreadPoolExecutor.runWorker(ThreadPoolExecutor.java:1128) ~[na:na]
	at java.base/java.util.concurrent.ThreadPoolExecutor$Worker.run(ThreadPoolExecutor.java:628) ~[na:na]
	at org.apache.tomcat.util.threads.TaskThread$WrappingRunnable.run(TaskThread.java:61) ~[tomcat-embed-core-9.0.30.jar:9.0.30]
	at java.base/java.lang.Thread.run(Thread.java:834) ~[na:na]

2020-02-28 15:10:21.746  INFO 19240 --- [main] c.a.i.library.LibraryApplication         : Starting LibraryApplication on LAPTOPCBC099 with PID 19240 (C:\Library\target\classes started by luca.gavril in C:\Library)
2020-02-28 15:10:21.756  INFO 19240 --- [main] c.a.i.library.LibraryApplication         : No active profile set, falling back to default profiles: default
2020-02-28 15:10:26.034  INFO 19240 --- [main] .s.d.r.c.RepositoryConfigurationDelegate : Bootstrapping Spring Data JPA repositories in DEFAULT mode.
2020-02-28 15:10:26.128  INFO 19240 --- [main] .s.d.r.c.RepositoryConfigurationDelegate : Finished Spring Data repository scanning in 70ms. Found 0 JPA repository interfaces.
2020-02-28 15:10:27.308  INFO 19240 --- [main] trationDelegate$BeanPostProcessorChecker : Bean 'org.springframework.transaction.annotation.ProxyTransactionManagementConfiguration' of type [org.springframework.transaction.annotation.ProxyTransactionManagementConfiguration] is not eligible for getting processed by all BeanPostProcessors (for example: not eligible for auto-proxying)
2020-02-28 15:10:29.812  INFO 19240 --- [main] o.s.b.w.embedded.tomcat.TomcatWebServer  : Tomcat initialized with port(s): 8080 (http)
2020-02-28 15:10:29.861  INFO 19240 --- [main] o.apache.catalina.core.StandardService   : Starting service [Tomcat]
2020-02-28 15:10:29.863  INFO 19240 --- [main] org.apache.catalina.core.StandardEngine  : Starting Servlet engine: [Apache Tomcat/9.0.30]
2020-02-28 15:10:30.329  INFO 19240 --- [main] o.a.c.c.C.[.[localhost].[/MyLibrary]     : Initializing Spring embedded WebApplicationContext
2020-02-28 15:10:30.329  INFO 19240 --- [main] o.s.web.context.ContextLoader            : Root WebApplicationContext: initialization completed in 8361 ms
2020-02-28 15:10:32.512  INFO 19240 --- [main] org.hibernate.Version                    : HHH000412: Hibernate Core {5.4.10.Final}
2020-02-28 15:10:32.976  INFO 19240 --- [main] o.hibernate.annotations.common.Version   : HCANN000001: Hibernate Commons Annotations {5.1.0.Final}
2020-02-28 15:10:35.511  INFO 19240 --- [main] org.hibernate.dialect.Dialect            : HHH000400: Using dialect: org.hibernate.dialect.MySQL5Dialect
2020-02-28 15:10:41.867  INFO 19240 --- [main] o.h.e.t.j.p.i.JtaPlatformInitiator       : HHH000490: Using JtaPlatform implementation: [org.hibernate.engine.transaction.jta.platform.internal.NoJtaPlatform]
2020-02-28 15:10:44.211  INFO 19240 --- [main] pertySourcedRequestMappingHandlerMapping : Mapped URL path [/v2/api-docs] onto method [springfox.documentation.swagger2.web.Swagger2Controller#getDocumentation(String, HttpServletRequest)]
2020-02-28 15:10:44.682  INFO 19240 --- [main] o.s.s.concurrent.ThreadPoolTaskExecutor  : Initializing ExecutorService 'applicationTaskExecutor'
2020-02-28 15:10:45.538  INFO 19240 --- [main] d.s.w.p.DocumentationPluginsBootstrapper : Context refreshed
2020-02-28 15:10:45.632  INFO 19240 --- [main] d.s.w.p.DocumentationPluginsBootstrapper : Found 1 custom documentation plugin(s)
2020-02-28 15:10:45.825  INFO 19240 --- [main] s.d.s.w.s.ApiListingReferenceScanner     : Scanning for api listing references
2020-02-28 15:10:48.053  INFO 19240 --- [main] o.s.b.w.embedded.tomcat.TomcatWebServer  : Tomcat started on port(s): 8080 (http) with context path '/MyLibrary'
2020-02-28 15:10:48.890  INFO 19240 --- [main] c.a.i.library.LibraryApplication         : Started LibraryApplication in 28.533 seconds (JVM running for 30.018)
2020-02-28 15:11:25.237  INFO 19240 --- [http-nio-8080-exec-10] o.a.c.c.C.[.[localhost].[/MyLibrary]     : Initializing Spring DispatcherServlet 'dispatcherServlet'
2020-02-28 15:11:25.238  INFO 19240 --- [http-nio-8080-exec-10] o.s.web.servlet.DispatcherServlet        : Initializing Servlet 'dispatcherServlet'
2020-02-28 15:11:25.255  INFO 19240 --- [http-nio-8080-exec-10] o.s.web.servlet.DispatcherServlet        : Completed initialization in 16 ms
2020-02-28 15:22:04.739  INFO 15680 --- [main] c.a.i.library.LibraryApplication         : Starting LibraryApplication on LAPTOPCBC099 with PID 15680 (C:\Library\target\classes started by luca.gavril in C:\Library)
2020-02-28 15:22:04.749  INFO 15680 --- [main] c.a.i.library.LibraryApplication         : No active profile set, falling back to default profiles: default
2020-02-28 15:22:10.008  INFO 15680 --- [main] .s.d.r.c.RepositoryConfigurationDelegate : Bootstrapping Spring Data JPA repositories in DEFAULT mode.
2020-02-28 15:22:10.099  INFO 15680 --- [main] .s.d.r.c.RepositoryConfigurationDelegate : Finished Spring Data repository scanning in 68ms. Found 0 JPA repository interfaces.
2020-02-28 15:22:11.097  INFO 15680 --- [main] trationDelegate$BeanPostProcessorChecker : Bean 'org.springframework.transaction.annotation.ProxyTransactionManagementConfiguration' of type [org.springframework.transaction.annotation.ProxyTransactionManagementConfiguration] is not eligible for getting processed by all BeanPostProcessors (for example: not eligible for auto-proxying)
2020-02-28 15:22:12.449  INFO 15680 --- [main] o.s.b.w.embedded.tomcat.TomcatWebServer  : Tomcat initialized with port(s): 8080 (http)
2020-02-28 15:22:12.471  INFO 15680 --- [main] o.apache.catalina.core.StandardService   : Starting service [Tomcat]
2020-02-28 15:22:12.471  INFO 15680 --- [main] org.apache.catalina.core.StandardEngine  : Starting Servlet engine: [Apache Tomcat/9.0.30]
2020-02-28 15:22:12.834  INFO 15680 --- [main] o.a.c.c.C.[.[localhost].[/MyLibrary]     : Initializing Spring embedded WebApplicationContext
2020-02-28 15:22:12.834  INFO 15680 --- [main] o.s.web.context.ContextLoader            : Root WebApplicationContext: initialization completed in 7772 ms
2020-02-28 15:22:13.439  INFO 15680 --- [main] org.hibernate.Version                    : HHH000412: Hibernate Core {5.4.10.Final}
2020-02-28 15:22:13.822  INFO 15680 --- [main] o.hibernate.annotations.common.Version   : HCANN000001: Hibernate Commons Annotations {5.1.0.Final}
2020-02-28 15:22:15.135  INFO 15680 --- [main] org.hibernate.dialect.Dialect            : HHH000400: Using dialect: org.hibernate.dialect.MySQL5Dialect
2020-02-28 15:22:17.827  INFO 15680 --- [main] o.h.e.t.j.p.i.JtaPlatformInitiator       : HHH000490: Using JtaPlatform implementation: [org.hibernate.engine.transaction.jta.platform.internal.NoJtaPlatform]
2020-02-28 15:22:19.210  INFO 15680 --- [main] pertySourcedRequestMappingHandlerMapping : Mapped URL path [/v2/api-docs] onto method [springfox.documentation.swagger2.web.Swagger2Controller#getDocumentation(String, HttpServletRequest)]
2020-02-28 15:22:19.554  INFO 15680 --- [main] o.s.s.concurrent.ThreadPoolTaskExecutor  : Initializing ExecutorService 'applicationTaskExecutor'
2020-02-28 15:22:19.938  INFO 15680 --- [main] d.s.w.p.DocumentationPluginsBootstrapper : Context refreshed
2020-02-28 15:22:19.988  INFO 15680 --- [main] d.s.w.p.DocumentationPluginsBootstrapper : Found 1 custom documentation plugin(s)
2020-02-28 15:22:20.069  INFO 15680 --- [main] s.d.s.w.s.ApiListingReferenceScanner     : Scanning for api listing references
2020-02-28 15:22:20.736  INFO 15680 --- [main] o.s.b.w.embedded.tomcat.TomcatWebServer  : Tomcat started on port(s): 8080 (http) with context path '/MyLibrary'
2020-02-28 15:22:20.756  INFO 15680 --- [main] c.a.i.library.LibraryApplication         : Started LibraryApplication in 17.526 seconds (JVM running for 19.445)
2020-02-28 15:23:15.317  INFO 15680 --- [http-nio-8080-exec-1] o.a.c.c.C.[.[localhost].[/MyLibrary]     : Initializing Spring DispatcherServlet 'dispatcherServlet'
2020-02-28 15:23:15.321  INFO 15680 --- [http-nio-8080-exec-1] o.s.web.servlet.DispatcherServlet        : Initializing Servlet 'dispatcherServlet'
2020-02-28 15:23:15.357  INFO 15680 --- [http-nio-8080-exec-1] o.s.web.servlet.DispatcherServlet        : Completed initialization in 35 ms
2020-02-28 15:25:06.574 ERROR 15680 --- [http-nio-8080-exec-2] o.a.c.c.C.[.[.[.[dispatcherServlet]      : Servlet.service() for servlet [dispatcherServlet] in context with path [/MyLibrary] threw exception [Request processing failed; nested exception is org.modelmapper.MappingException: ModelMapper mapping errors:

1) Converter org.modelmapper.internal.converter.MergingCollectionConverter@6e0cd7d7 failed to convert org.hibernate.collection.internal.PersistentSet to java.util.Set.

1 error] with root cause

org.hibernate.LazyInitializationException: failed to lazily initialize a collection of role: com.arobs.internship.library.entities.book.Book.tags, could not initialize proxy - no Session
	at org.hibernate.collection.internal.AbstractPersistentCollection.throwLazyInitializationException(AbstractPersistentCollection.java:606) ~[hibernate-core-5.4.10.Final.jar:5.4.10.Final]
	at org.hibernate.collection.internal.AbstractPersistentCollection.withTemporarySessionIfNeeded(AbstractPersistentCollection.java:218) ~[hibernate-core-5.4.10.Final.jar:5.4.10.Final]
	at org.hibernate.collection.internal.AbstractPersistentCollection.readSize(AbstractPersistentCollection.java:162) ~[hibernate-core-5.4.10.Final.jar:5.4.10.Final]
	at org.hibernate.collection.internal.PersistentSet.size(PersistentSet.java:168) ~[hibernate-core-5.4.10.Final.jar:5.4.10.Final]
	at org.modelmapper.internal.util.Iterables.getLength(Iterables.java:50) ~[modelmapper-2.3.5.jar:na]
	at org.modelmapper.internal.converter.MergingCollectionConverter.convert(MergingCollectionConverter.java:44) ~[modelmapper-2.3.5.jar:na]
	at org.modelmapper.internal.converter.MergingCollectionConverter.convert(MergingCollectionConverter.java:31) ~[modelmapper-2.3.5.jar:na]
	at org.modelmapper.internal.MappingEngineImpl.convert(MappingEngineImpl.java:303) ~[modelmapper-2.3.5.jar:na]
	at org.modelmapper.internal.MappingEngineImpl.map(MappingEngineImpl.java:110) ~[modelmapper-2.3.5.jar:na]
	at org.modelmapper.internal.MappingEngineImpl.setDestinationValue(MappingEngineImpl.java:242) ~[modelmapper-2.3.5.jar:na]
	at org.modelmapper.internal.MappingEngineImpl.propertyMap(MappingEngineImpl.java:188) ~[modelmapper-2.3.5.jar:na]
	at org.modelmapper.internal.MappingEngineImpl.typeMap(MappingEngineImpl.java:152) ~[modelmapper-2.3.5.jar:na]
	at org.modelmapper.internal.MappingEngineImpl.map(MappingEngineImpl.java:115) ~[modelmapper-2.3.5.jar:na]
	at org.modelmapper.internal.MappingEngineImpl.map(MappingEngineImpl.java:72) ~[modelmapper-2.3.5.jar:na]
	at org.modelmapper.ModelMapper.mapInternal(ModelMapper.java:573) ~[modelmapper-2.3.5.jar:na]
	at org.modelmapper.ModelMapper.map(ModelMapper.java:406) ~[modelmapper-2.3.5.jar:na]
	at com.arobs.internship.library.business.impl.BookServiceImpl.bookToDto(BookServiceImpl.java:129) ~[classes/:na]
	at com.arobs.internship.library.business.impl.BookServiceImpl.findBookById(BookServiceImpl.java:70) ~[classes/:na]
	at com.arobs.internship.library.controller.BookController.getBook(BookController.java:47) ~[classes/:na]
	at java.base/jdk.internal.reflect.NativeMethodAccessorImpl.invoke0(Native Method) ~[na:na]
	at java.base/jdk.internal.reflect.NativeMethodAccessorImpl.invoke(NativeMethodAccessorImpl.java:62) ~[na:na]
	at java.base/jdk.internal.reflect.DelegatingMethodAccessorImpl.invoke(DelegatingMethodAccessorImpl.java:43) ~[na:na]
	at java.base/java.lang.reflect.Method.invoke(Method.java:566) ~[na:na]
	at org.springframework.web.method.support.InvocableHandlerMethod.doInvoke(InvocableHandlerMethod.java:190) ~[spring-web-5.2.3.RELEASE.jar:5.2.3.RELEASE]
	at org.springframework.web.method.support.InvocableHandlerMethod.invokeForRequest(InvocableHandlerMethod.java:138) ~[spring-web-5.2.3.RELEASE.jar:5.2.3.RELEASE]
	at org.springframework.web.servlet.mvc.method.annotation.ServletInvocableHandlerMethod.invokeAndHandle(ServletInvocableHandlerMethod.java:106) ~[spring-webmvc-5.2.3.RELEASE.jar:5.2.3.RELEASE]
	at org.springframework.web.servlet.mvc.method.annotation.RequestMappingHandlerAdapter.invokeHandlerMethod(RequestMappingHandlerAdapter.java:888) ~[spring-webmvc-5.2.3.RELEASE.jar:5.2.3.RELEASE]
	at org.springframework.web.servlet.mvc.method.annotation.RequestMappingHandlerAdapter.handleInternal(RequestMappingHandlerAdapter.java:793) ~[spring-webmvc-5.2.3.RELEASE.jar:5.2.3.RELEASE]
	at org.springframework.web.servlet.mvc.method.AbstractHandlerMethodAdapter.handle(AbstractHandlerMethodAdapter.java:87) ~[spring-webmvc-5.2.3.RELEASE.jar:5.2.3.RELEASE]
	at org.springframework.web.servlet.DispatcherServlet.doDispatch(DispatcherServlet.java:1040) ~[spring-webmvc-5.2.3.RELEASE.jar:5.2.3.RELEASE]
	at org.springframework.web.servlet.DispatcherServlet.doService(DispatcherServlet.java:943) ~[spring-webmvc-5.2.3.RELEASE.jar:5.2.3.RELEASE]
	at org.springframework.web.servlet.FrameworkServlet.processRequest(FrameworkServlet.java:1006) ~[spring-webmvc-5.2.3.RELEASE.jar:5.2.3.RELEASE]
	at org.springframework.web.servlet.FrameworkServlet.doGet(FrameworkServlet.java:898) ~[spring-webmvc-5.2.3.RELEASE.jar:5.2.3.RELEASE]
	at javax.servlet.http.HttpServlet.service(HttpServlet.java:634) ~[tomcat-embed-core-9.0.30.jar:9.0.30]
	at org.springframework.web.servlet.FrameworkServlet.service(FrameworkServlet.java:883) ~[spring-webmvc-5.2.3.RELEASE.jar:5.2.3.RELEASE]
	at javax.servlet.http.HttpServlet.service(HttpServlet.java:741) ~[tomcat-embed-core-9.0.30.jar:9.0.30]
	at org.apache.catalina.core.ApplicationFilterChain.internalDoFilter(ApplicationFilterChain.java:231) ~[tomcat-embed-core-9.0.30.jar:9.0.30]
	at org.apache.catalina.core.ApplicationFilterChain.doFilter(ApplicationFilterChain.java:166) ~[tomcat-embed-core-9.0.30.jar:9.0.30]
	at org.apache.tomcat.websocket.server.WsFilter.doFilter(WsFilter.java:53) ~[tomcat-embed-websocket-9.0.30.jar:9.0.30]
	at org.apache.catalina.core.ApplicationFilterChain.internalDoFilter(ApplicationFilterChain.java:193) ~[tomcat-embed-core-9.0.30.jar:9.0.30]
	at org.apache.catalina.core.ApplicationFilterChain.doFilter(ApplicationFilterChain.java:166) ~[tomcat-embed-core-9.0.30.jar:9.0.30]
	at org.springframework.web.filter.RequestContextFilter.doFilterInternal(RequestContextFilter.java:100) ~[spring-web-5.2.3.RELEASE.jar:5.2.3.RELEASE]
	at org.springframework.web.filter.OncePerRequestFilter.doFilter(OncePerRequestFilter.java:119) ~[spring-web-5.2.3.RELEASE.jar:5.2.3.RELEASE]
	at org.apache.catalina.core.ApplicationFilterChain.internalDoFilter(ApplicationFilterChain.java:193) ~[tomcat-embed-core-9.0.30.jar:9.0.30]
	at org.apache.catalina.core.ApplicationFilterChain.doFilter(ApplicationFilterChain.java:166) ~[tomcat-embed-core-9.0.30.jar:9.0.30]
	at org.springframework.web.filter.FormContentFilter.doFilterInternal(FormContentFilter.java:93) ~[spring-web-5.2.3.RELEASE.jar:5.2.3.RELEASE]
	at org.springframework.web.filter.OncePerRequestFilter.doFilter(OncePerRequestFilter.java:119) ~[spring-web-5.2.3.RELEASE.jar:5.2.3.RELEASE]
	at org.apache.catalina.core.ApplicationFilterChain.internalDoFilter(ApplicationFilterChain.java:193) ~[tomcat-embed-core-9.0.30.jar:9.0.30]
	at org.apache.catalina.core.ApplicationFilterChain.doFilter(ApplicationFilterChain.java:166) ~[tomcat-embed-core-9.0.30.jar:9.0.30]
	at org.springframework.web.filter.CharacterEncodingFilter.doFilterInternal(CharacterEncodingFilter.java:201) ~[spring-web-5.2.3.RELEASE.jar:5.2.3.RELEASE]
	at org.springframework.web.filter.OncePerRequestFilter.doFilter(OncePerRequestFilter.java:119) ~[spring-web-5.2.3.RELEASE.jar:5.2.3.RELEASE]
	at org.apache.catalina.core.ApplicationFilterChain.internalDoFilter(ApplicationFilterChain.java:193) ~[tomcat-embed-core-9.0.30.jar:9.0.30]
	at org.apache.catalina.core.ApplicationFilterChain.doFilter(ApplicationFilterChain.java:166) ~[tomcat-embed-core-9.0.30.jar:9.0.30]
	at org.apache.catalina.core.StandardWrapperValve.invoke(StandardWrapperValve.java:202) ~[tomcat-embed-core-9.0.30.jar:9.0.30]
	at org.apache.catalina.core.StandardContextValve.invoke(StandardContextValve.java:96) ~[tomcat-embed-core-9.0.30.jar:9.0.30]
	at org.apache.catalina.authenticator.AuthenticatorBase.invoke(AuthenticatorBase.java:541) ~[tomcat-embed-core-9.0.30.jar:9.0.30]
	at org.apache.catalina.core.StandardHostValve.invoke(StandardHostValve.java:139) ~[tomcat-embed-core-9.0.30.jar:9.0.30]
	at org.apache.catalina.valves.ErrorReportValve.invoke(ErrorReportValve.java:92) ~[tomcat-embed-core-9.0.30.jar:9.0.30]
	at org.apache.catalina.core.StandardEngineValve.invoke(StandardEngineValve.java:74) ~[tomcat-embed-core-9.0.30.jar:9.0.30]
	at org.apache.catalina.connector.CoyoteAdapter.service(CoyoteAdapter.java:343) ~[tomcat-embed-core-9.0.30.jar:9.0.30]
	at org.apache.coyote.http11.Http11Processor.service(Http11Processor.java:367) ~[tomcat-embed-core-9.0.30.jar:9.0.30]
	at org.apache.coyote.AbstractProcessorLight.process(AbstractProcessorLight.java:65) ~[tomcat-embed-core-9.0.30.jar:9.0.30]
	at org.apache.coyote.AbstractProtocol$ConnectionHandler.process(AbstractProtocol.java:860) ~[tomcat-embed-core-9.0.30.jar:9.0.30]
	at org.apache.tomcat.util.net.NioEndpoint$SocketProcessor.doRun(NioEndpoint.java:1598) ~[tomcat-embed-core-9.0.30.jar:9.0.30]
	at org.apache.tomcat.util.net.SocketProcessorBase.run(SocketProcessorBase.java:49) ~[tomcat-embed-core-9.0.30.jar:9.0.30]
	at java.base/java.util.concurrent.ThreadPoolExecutor.runWorker(ThreadPoolExecutor.java:1128) ~[na:na]
	at java.base/java.util.concurrent.ThreadPoolExecutor$Worker.run(ThreadPoolExecutor.java:628) ~[na:na]
	at org.apache.tomcat.util.threads.TaskThread$WrappingRunnable.run(TaskThread.java:61) ~[tomcat-embed-core-9.0.30.jar:9.0.30]
	at java.base/java.lang.Thread.run(Thread.java:834) ~[na:na]

2020-02-28 15:27:55.221  INFO 15996 --- [main] c.a.i.library.LibraryApplication         : Starting LibraryApplication on LAPTOPCBC099 with PID 15996 (C:\Library\target\classes started by luca.gavril in C:\Library)
2020-02-28 15:27:55.231  INFO 15996 --- [main] c.a.i.library.LibraryApplication         : No active profile set, falling back to default profiles: default
2020-02-28 15:28:00.268  INFO 15996 --- [main] .s.d.r.c.RepositoryConfigurationDelegate : Bootstrapping Spring Data JPA repositories in DEFAULT mode.
2020-02-28 15:28:00.379  INFO 15996 --- [main] .s.d.r.c.RepositoryConfigurationDelegate : Finished Spring Data repository scanning in 77ms. Found 0 JPA repository interfaces.
2020-02-28 15:28:01.318  INFO 15996 --- [main] trationDelegate$BeanPostProcessorChecker : Bean 'org.springframework.transaction.annotation.ProxyTransactionManagementConfiguration' of type [org.springframework.transaction.annotation.ProxyTransactionManagementConfiguration] is not eligible for getting processed by all BeanPostProcessors (for example: not eligible for auto-proxying)
2020-02-28 15:28:02.660  INFO 15996 --- [main] o.s.b.w.embedded.tomcat.TomcatWebServer  : Tomcat initialized with port(s): 8080 (http)
2020-02-28 15:28:02.698  INFO 15996 --- [main] o.apache.catalina.core.StandardService   : Starting service [Tomcat]
2020-02-28 15:28:02.700  INFO 15996 --- [main] org.apache.catalina.core.StandardEngine  : Starting Servlet engine: [Apache Tomcat/9.0.30]
2020-02-28 15:28:03.235  INFO 15996 --- [main] o.a.c.c.C.[.[localhost].[/MyLibrary]     : Initializing Spring embedded WebApplicationContext
2020-02-28 15:28:03.237  INFO 15996 --- [main] o.s.web.context.ContextLoader            : Root WebApplicationContext: initialization completed in 7814 ms
2020-02-28 15:28:04.315  INFO 15996 --- [main] org.hibernate.Version                    : HHH000412: Hibernate Core {5.4.10.Final}
2020-02-28 15:28:04.614  INFO 15996 --- [main] o.hibernate.annotations.common.Version   : HCANN000001: Hibernate Commons Annotations {5.1.0.Final}
2020-02-28 15:28:05.866  INFO 15996 --- [main] org.hibernate.dialect.Dialect            : HHH000400: Using dialect: org.hibernate.dialect.MySQL5Dialect
2020-02-28 15:28:08.751  INFO 15996 --- [main] o.h.e.t.j.p.i.JtaPlatformInitiator       : HHH000490: Using JtaPlatform implementation: [org.hibernate.engine.transaction.jta.platform.internal.NoJtaPlatform]
2020-02-28 15:28:10.114  INFO 15996 --- [main] pertySourcedRequestMappingHandlerMapping : Mapped URL path [/v2/api-docs] onto method [springfox.documentation.swagger2.web.Swagger2Controller#getDocumentation(String, HttpServletRequest)]
2020-02-28 15:28:10.457  INFO 15996 --- [main] o.s.s.concurrent.ThreadPoolTaskExecutor  : Initializing ExecutorService 'applicationTaskExecutor'
2020-02-28 15:28:10.790  INFO 15996 --- [main] d.s.w.p.DocumentationPluginsBootstrapper : Context refreshed
2020-02-28 15:28:10.839  INFO 15996 --- [main] d.s.w.p.DocumentationPluginsBootstrapper : Found 1 custom documentation plugin(s)
2020-02-28 15:28:10.911  INFO 15996 --- [main] s.d.s.w.s.ApiListingReferenceScanner     : Scanning for api listing references
2020-02-28 15:28:11.527  INFO 15996 --- [main] o.s.b.w.embedded.tomcat.TomcatWebServer  : Tomcat started on port(s): 8080 (http) with context path '/MyLibrary'
2020-02-28 15:28:11.537  INFO 15996 --- [main] c.a.i.library.LibraryApplication         : Started LibraryApplication in 17.664 seconds (JVM running for 19.621)
2020-02-28 15:28:15.906  INFO 15996 --- [http-nio-8080-exec-1] o.a.c.c.C.[.[localhost].[/MyLibrary]     : Initializing Spring DispatcherServlet 'dispatcherServlet'
2020-02-28 15:28:15.919  INFO 15996 --- [http-nio-8080-exec-1] o.s.web.servlet.DispatcherServlet        : Initializing Servlet 'dispatcherServlet'
2020-02-28 15:28:15.947  INFO 15996 --- [http-nio-8080-exec-1] o.s.web.servlet.DispatcherServlet        : Completed initialization in 28 ms
2020-02-28 15:50:13.686  INFO 14652 --- [main] c.a.i.library.LibraryApplication         : Starting LibraryApplication on LAPTOPCBC099 with PID 14652 (C:\Library\target\classes started by luca.gavril in C:\Library)
2020-02-28 15:50:13.714  INFO 14652 --- [main] c.a.i.library.LibraryApplication         : No active profile set, falling back to default profiles: default
2020-02-28 15:50:18.069  INFO 14652 --- [main] .s.d.r.c.RepositoryConfigurationDelegate : Bootstrapping Spring Data JPA repositories in DEFAULT mode.
2020-02-28 15:50:18.150  INFO 14652 --- [main] .s.d.r.c.RepositoryConfigurationDelegate : Finished Spring Data repository scanning in 56ms. Found 0 JPA repository interfaces.
2020-02-28 15:50:19.018  INFO 14652 --- [main] trationDelegate$BeanPostProcessorChecker : Bean 'org.springframework.transaction.annotation.ProxyTransactionManagementConfiguration' of type [org.springframework.transaction.annotation.ProxyTransactionManagementConfiguration] is not eligible for getting processed by all BeanPostProcessors (for example: not eligible for auto-proxying)
2020-02-28 15:50:20.369  INFO 14652 --- [main] o.s.b.w.embedded.tomcat.TomcatWebServer  : Tomcat initialized with port(s): 8080 (http)
2020-02-28 15:50:20.399  INFO 14652 --- [main] o.apache.catalina.core.StandardService   : Starting service [Tomcat]
2020-02-28 15:50:20.399  INFO 14652 --- [main] org.apache.catalina.core.StandardEngine  : Starting Servlet engine: [Apache Tomcat/9.0.30]
2020-02-28 15:50:20.763  INFO 14652 --- [main] o.a.c.c.C.[.[localhost].[/MyLibrary]     : Initializing Spring embedded WebApplicationContext
2020-02-28 15:50:20.763  INFO 14652 --- [main] o.s.web.context.ContextLoader            : Root WebApplicationContext: initialization completed in 6875 ms
2020-02-28 15:50:21.308  INFO 14652 --- [main] org.hibernate.Version                    : HHH000412: Hibernate Core {5.4.10.Final}
2020-02-28 15:50:21.700  INFO 14652 --- [main] o.hibernate.annotations.common.Version   : HCANN000001: Hibernate Commons Annotations {5.1.0.Final}
2020-02-28 15:50:22.977  INFO 14652 --- [main] org.hibernate.dialect.Dialect            : HHH000400: Using dialect: org.hibernate.dialect.MySQL5Dialect
2020-02-28 15:50:26.134  INFO 14652 --- [main] o.h.e.t.j.p.i.JtaPlatformInitiator       : HHH000490: Using JtaPlatform implementation: [org.hibernate.engine.transaction.jta.platform.internal.NoJtaPlatform]
2020-02-28 15:50:27.851  INFO 14652 --- [main] pertySourcedRequestMappingHandlerMapping : Mapped URL path [/v2/api-docs] onto method [springfox.documentation.swagger2.web.Swagger2Controller#getDocumentation(String, HttpServletRequest)]
2020-02-28 15:50:28.143  INFO 14652 --- [main] o.s.s.concurrent.ThreadPoolTaskExecutor  : Initializing ExecutorService 'applicationTaskExecutor'
2020-02-28 15:50:28.517  INFO 14652 --- [main] d.s.w.p.DocumentationPluginsBootstrapper : Context refreshed
2020-02-28 15:50:28.565  INFO 14652 --- [main] d.s.w.p.DocumentationPluginsBootstrapper : Found 1 custom documentation plugin(s)
2020-02-28 15:50:28.646  INFO 14652 --- [main] s.d.s.w.s.ApiListingReferenceScanner     : Scanning for api listing references
2020-02-28 15:50:29.274  INFO 14652 --- [main] o.s.b.w.embedded.tomcat.TomcatWebServer  : Tomcat started on port(s): 8080 (http) with context path '/MyLibrary'
2020-02-28 15:50:29.284  INFO 14652 --- [main] c.a.i.library.LibraryApplication         : Started LibraryApplication in 16.829 seconds (JVM running for 18.514)
2020-02-28 15:51:02.743  INFO 14652 --- [http-nio-8080-exec-1] o.a.c.c.C.[.[localhost].[/MyLibrary]     : Initializing Spring DispatcherServlet 'dispatcherServlet'
2020-02-28 15:51:02.746  INFO 14652 --- [http-nio-8080-exec-1] o.s.web.servlet.DispatcherServlet        : Initializing Servlet 'dispatcherServlet'
2020-02-28 15:51:02.785  INFO 14652 --- [http-nio-8080-exec-1] o.s.web.servlet.DispatcherServlet        : Completed initialization in 39 ms
2020-02-28 16:09:36.244  INFO 3684 --- [main] c.a.i.library.LibraryApplication         : Starting LibraryApplication on LAPTOPCBC099 with PID 3684 (C:\Library\target\classes started by luca.gavril in C:\Library)
2020-02-28 16:09:36.262  INFO 3684 --- [main] c.a.i.library.LibraryApplication         : No active profile set, falling back to default profiles: default
2020-02-28 16:09:40.550  INFO 3684 --- [main] .s.d.r.c.RepositoryConfigurationDelegate : Bootstrapping Spring Data JPA repositories in DEFAULT mode.
2020-02-28 16:09:40.675  INFO 3684 --- [main] .s.d.r.c.RepositoryConfigurationDelegate : Finished Spring Data repository scanning in 85ms. Found 0 JPA repository interfaces.
2020-02-28 16:09:41.711  INFO 3684 --- [main] trationDelegate$BeanPostProcessorChecker : Bean 'org.springframework.transaction.annotation.ProxyTransactionManagementConfiguration' of type [org.springframework.transaction.annotation.ProxyTransactionManagementConfiguration] is not eligible for getting processed by all BeanPostProcessors (for example: not eligible for auto-proxying)
2020-02-28 16:09:42.902  INFO 3684 --- [main] o.s.b.w.embedded.tomcat.TomcatWebServer  : Tomcat initialized with port(s): 8080 (http)
2020-02-28 16:09:42.922  INFO 3684 --- [main] o.apache.catalina.core.StandardService   : Starting service [Tomcat]
2020-02-28 16:09:42.922  INFO 3684 --- [main] org.apache.catalina.core.StandardEngine  : Starting Servlet engine: [Apache Tomcat/9.0.30]
2020-02-28 16:09:43.207  INFO 3684 --- [main] o.a.c.c.C.[.[localhost].[/MyLibrary]     : Initializing Spring embedded WebApplicationContext
2020-02-28 16:09:43.208  INFO 3684 --- [main] o.s.web.context.ContextLoader            : Root WebApplicationContext: initialization completed in 6812 ms
2020-02-28 16:09:43.832  INFO 3684 --- [main] org.hibernate.Version                    : HHH000412: Hibernate Core {5.4.10.Final}
2020-02-28 16:09:44.284  INFO 3684 --- [main] o.hibernate.annotations.common.Version   : HCANN000001: Hibernate Commons Annotations {5.1.0.Final}
2020-02-28 16:09:45.648  INFO 3684 --- [main] org.hibernate.dialect.Dialect            : HHH000400: Using dialect: org.hibernate.dialect.MySQL5Dialect
2020-02-28 16:09:48.368  INFO 3684 --- [main] o.h.e.t.j.p.i.JtaPlatformInitiator       : HHH000490: Using JtaPlatform implementation: [org.hibernate.engine.transaction.jta.platform.internal.NoJtaPlatform]
2020-02-28 16:09:49.850  INFO 3684 --- [main] pertySourcedRequestMappingHandlerMapping : Mapped URL path [/v2/api-docs] onto method [springfox.documentation.swagger2.web.Swagger2Controller#getDocumentation(String, HttpServletRequest)]
2020-02-28 16:09:50.232  INFO 3684 --- [main] o.s.s.concurrent.ThreadPoolTaskExecutor  : Initializing ExecutorService 'applicationTaskExecutor'
2020-02-28 16:09:50.617  INFO 3684 --- [main] d.s.w.p.DocumentationPluginsBootstrapper : Context refreshed
2020-02-28 16:09:50.678  INFO 3684 --- [main] d.s.w.p.DocumentationPluginsBootstrapper : Found 1 custom documentation plugin(s)
2020-02-28 16:09:50.759  INFO 3684 --- [main] s.d.s.w.s.ApiListingReferenceScanner     : Scanning for api listing references
2020-02-28 16:09:51.369  INFO 3684 --- [main] o.s.b.w.embedded.tomcat.TomcatWebServer  : Tomcat started on port(s): 8080 (http) with context path '/MyLibrary'
2020-02-28 16:09:51.375  INFO 3684 --- [main] c.a.i.library.LibraryApplication         : Started LibraryApplication in 16.498 seconds (JVM running for 18.208)
2020-02-28 16:09:59.766  INFO 3684 --- [http-nio-8080-exec-1] o.a.c.c.C.[.[localhost].[/MyLibrary]     : Initializing Spring DispatcherServlet 'dispatcherServlet'
2020-02-28 16:09:59.768  INFO 3684 --- [http-nio-8080-exec-1] o.s.web.servlet.DispatcherServlet        : Initializing Servlet 'dispatcherServlet'
2020-02-28 16:09:59.784  INFO 3684 --- [http-nio-8080-exec-1] o.s.web.servlet.DispatcherServlet        : Completed initialization in 16 ms
2020-02-28 16:11:43.360  WARN 3684 --- [http-nio-8080-exec-9] .w.s.m.s.DefaultHandlerExceptionResolver : Resolved [org.springframework.http.converter.HttpMessageNotReadableException: JSON parse error: Unrecognized token 'string': was expecting (JSON String, Number, Array, Object or token 'null', 'true' or 'false'); nested exception is com.fasterxml.jackson.databind.JsonMappingException: Unrecognized token 'string': was expecting (JSON String, Number, Array, Object or token 'null', 'true' or 'false')
 at [Source: (PushbackInputStream); line: 7, column: 7] (through reference chain: com.arobs.internship.library.dtos.BookDTO["tags"]->java.util.HashSet[0])]
